[0.007s] Invoking command in '/home/saksham3105/cartographer_ws/src/my_robot_mapping/build/my_robot_mapping': CMAKE_PREFIX_PATH=${CMAKE_PREFIX_PATH}:/opt/ros/humble /usr/bin/cmake /home/saksham3105/cartographer_ws/src/my_robot_mapping -DAMENT_CMAKE_SYMLINK_INSTALL=1 -DCMAKE_INSTALL_PREFIX=/home/saksham3105/cartographer_ws/src/my_robot_mapping/install/my_robot_mapping
[0.133s] -- The C compiler identification is GNU 11.4.0
[0.208s] -- The CXX compiler identification is GNU 11.4.0
[0.217s] -- Detecting C compiler ABI info
[0.279s] -- Detecting C compiler ABI info - done
[0.284s] -- Check for working C compiler: /usr/bin/cc - skipped
[0.284s] -- Detecting C compile features
[0.284s] -- Detecting C compile features - done
[0.288s] -- Detecting CXX compiler ABI info
[0.353s] -- Detecting CXX compiler ABI info - done
[0.357s] -- Check for working CXX compiler: /usr/bin/c++ - skipped
[0.358s] -- Detecting CXX compile features
[0.358s] -- Detecting CXX compile features - done
[0.367s] -- Found ament_cmake: 1.3.13 (/opt/ros/humble/share/ament_cmake/cmake)
[0.483s] -- Found Python3: /usr/bin/python3 (found version "3.10.12") found components: Interpreter 
[0.529s] -- Override CMake install command with custom implementation using symlinks instead of copying resources
[0.557s] -- Found ament_lint_auto: 0.12.15 (/opt/ros/humble/share/ament_lint_auto/cmake)
[0.614s] -- Added test 'cppcheck' to perform static code analysis on C / C++ code
[0.614s] -- Configured cppcheck include dirs: 
[0.615s] -- Configured cppcheck exclude dirs and/or files: 
[0.615s] -- Added test 'flake8' to check Python code syntax and style conventions
[0.616s] -- Added test 'lint_cmake' to check CMake code style
[0.617s] -- Added test 'pep257' to check Python code against some of the docstring style conventions in PEP 257
[0.619s] -- Added test 'uncrustify' to check C / C++ code style
[0.619s] -- Configured uncrustify additional arguments: 
[0.620s] -- Added test 'xmllint' to check XML markup files
[0.621s] -- Configuring done
[0.622s] -- Generating done
[0.623s] -- Build files have been written to: /home/saksham3105/cartographer_ws/src/my_robot_mapping/build/my_robot_mapping
[0.626s] Invoked command in '/home/saksham3105/cartographer_ws/src/my_robot_mapping/build/my_robot_mapping' returned '0': CMAKE_PREFIX_PATH=${CMAKE_PREFIX_PATH}:/opt/ros/humble /usr/bin/cmake /home/saksham3105/cartographer_ws/src/my_robot_mapping -DAMENT_CMAKE_SYMLINK_INSTALL=1 -DCMAKE_INSTALL_PREFIX=/home/saksham3105/cartographer_ws/src/my_robot_mapping/install/my_robot_mapping
[0.627s] Invoking command in '/home/saksham3105/cartographer_ws/src/my_robot_mapping/build/my_robot_mapping': CMAKE_PREFIX_PATH=${CMAKE_PREFIX_PATH}:/opt/ros/humble /usr/bin/cmake --build /home/saksham3105/cartographer_ws/src/my_robot_mapping/build/my_robot_mapping -- -j12 -l12
[0.658s] Invoked command in '/home/saksham3105/cartographer_ws/src/my_robot_mapping/build/my_robot_mapping' returned '0': CMAKE_PREFIX_PATH=${CMAKE_PREFIX_PATH}:/opt/ros/humble /usr/bin/cmake --build /home/saksham3105/cartographer_ws/src/my_robot_mapping/build/my_robot_mapping -- -j12 -l12
[0.666s] Invoking command in '/home/saksham3105/cartographer_ws/src/my_robot_mapping/build/my_robot_mapping': CMAKE_PREFIX_PATH=${CMAKE_PREFIX_PATH}:/opt/ros/humble /usr/bin/cmake --install /home/saksham3105/cartographer_ws/src/my_robot_mapping/build/my_robot_mapping
[0.671s] -- Install configuration: ""
[0.671s] -- Execute custom install script
[0.671s] -- Symlinking: /home/saksham3105/cartographer_ws/src/my_robot_mapping/install/my_robot_mapping/share/ament_index/resource_index/package_run_dependencies/my_robot_mapping
[0.678s] -- Symlinking: /home/saksham3105/cartographer_ws/src/my_robot_mapping/install/my_robot_mapping/share/ament_index/resource_index/parent_prefix_path/my_robot_mapping
[0.685s] -- Symlinking: /home/saksham3105/cartographer_ws/src/my_robot_mapping/install/my_robot_mapping/share/my_robot_mapping/environment/ament_prefix_path.sh
[0.691s] -- Symlinking: /home/saksham3105/cartographer_ws/src/my_robot_mapping/install/my_robot_mapping/share/my_robot_mapping/environment/ament_prefix_path.dsv
[0.697s] -- Symlinking: /home/saksham3105/cartographer_ws/src/my_robot_mapping/install/my_robot_mapping/share/my_robot_mapping/environment/path.sh
[0.703s] -- Symlinking: /home/saksham3105/cartographer_ws/src/my_robot_mapping/install/my_robot_mapping/share/my_robot_mapping/environment/path.dsv
[0.709s] -- Symlinking: /home/saksham3105/cartographer_ws/src/my_robot_mapping/install/my_robot_mapping/share/my_robot_mapping/local_setup.bash
[0.715s] -- Symlinking: /home/saksham3105/cartographer_ws/src/my_robot_mapping/install/my_robot_mapping/share/my_robot_mapping/local_setup.sh
[0.721s] -- Symlinking: /home/saksham3105/cartographer_ws/src/my_robot_mapping/install/my_robot_mapping/share/my_robot_mapping/local_setup.zsh
[0.728s] -- Symlinking: /home/saksham3105/cartographer_ws/src/my_robot_mapping/install/my_robot_mapping/share/my_robot_mapping/local_setup.dsv
[0.733s] -- Symlinking: /home/saksham3105/cartographer_ws/src/my_robot_mapping/install/my_robot_mapping/share/my_robot_mapping/package.dsv
[0.739s] -- Symlinking: /home/saksham3105/cartographer_ws/src/my_robot_mapping/install/my_robot_mapping/share/ament_index/resource_index/packages/my_robot_mapping
[0.745s] -- Symlinking: /home/saksham3105/cartographer_ws/src/my_robot_mapping/install/my_robot_mapping/share/my_robot_mapping/cmake/my_robot_mappingConfig.cmake
[0.753s] -- Symlinking: /home/saksham3105/cartographer_ws/src/my_robot_mapping/install/my_robot_mapping/share/my_robot_mapping/cmake/my_robot_mappingConfig-version.cmake
[0.761s] -- Symlinking: /home/saksham3105/cartographer_ws/src/my_robot_mapping/install/my_robot_mapping/share/my_robot_mapping/package.xml
[0.769s] -- Symlinking: /home/saksham3105/cartographer_ws/src/my_robot_mapping/install/my_robot_mapping/share/my_robot_mapping/config/bridge_config.yaml
[0.778s] -- Symlinking: /home/saksham3105/cartographer_ws/src/my_robot_mapping/install/my_robot_mapping/share/my_robot_mapping/config/bridge_config_3d.yaml
[0.784s] -- Symlinking: /home/saksham3105/cartographer_ws/src/my_robot_mapping/install/my_robot_mapping/share/my_robot_mapping/config/localization.lua
[0.789s] -- Symlinking: /home/saksham3105/cartographer_ws/src/my_robot_mapping/install/my_robot_mapping/share/my_robot_mapping/config/localization_3d.lua
[0.794s] -- Symlinking: /home/saksham3105/cartographer_ws/src/my_robot_mapping/install/my_robot_mapping/share/my_robot_mapping/config/mapping.lua
[0.801s] -- Symlinking: /home/saksham3105/cartographer_ws/src/my_robot_mapping/install/my_robot_mapping/share/my_robot_mapping/config/nav2_params.yaml
[0.806s] -- Symlinking: /home/saksham3105/cartographer_ws/src/my_robot_mapping/install/my_robot_mapping/share/my_robot_mapping/config/nav_to_pose_bt.xml
[0.812s] -- Symlinking: /home/saksham3105/cartographer_ws/src/my_robot_mapping/install/my_robot_mapping/share/my_robot_mapping/launch/localization_3d_launch.py
[0.820s] -- Symlinking: /home/saksham3105/cartographer_ws/src/my_robot_mapping/install/my_robot_mapping/share/my_robot_mapping/launch/mapping_launch.py
[0.825s] -- Symlinking: /home/saksham3105/cartographer_ws/src/my_robot_mapping/install/my_robot_mapping/share/my_robot_mapping/launch/master_3d_launch.py
[0.832s] -- Symlinking: /home/saksham3105/cartographer_ws/src/my_robot_mapping/install/my_robot_mapping/share/my_robot_mapping/launch/master_fusion_launch.py
[0.838s] -- Symlinking: /home/saksham3105/cartographer_ws/src/my_robot_mapping/install/my_robot_mapping/share/my_robot_mapping/maps/warehouse_map.pbstream
[0.845s] Invoked command in '/home/saksham3105/cartographer_ws/src/my_robot_mapping/build/my_robot_mapping' returned '0': CMAKE_PREFIX_PATH=${CMAKE_PREFIX_PATH}:/opt/ros/humble /usr/bin/cmake --install /home/saksham3105/cartographer_ws/src/my_robot_mapping/build/my_robot_mapping
